SF:C:\Users\Martin\OneDrive - Universidad Católica del Uruguay\Escritorio\Programación\Ejercicios\GIT\PII_Defensa\p3\src\Library\Material.cs
FN:4,System.String Ucu.Poo.Defense.Material::get_Name()
FNDA:6,System.String Ucu.Poo.Defense.Material::get_Name()
DA:5,6
FN:6,Ucu.Poo.Defense.MaterialType Ucu.Poo.Defense.Material::get_Type()
FNDA:6,Ucu.Poo.Defense.MaterialType Ucu.Poo.Defense.Material::get_Type()
DA:7,6
FN:8,System.Void Ucu.Poo.Defense.Material::.ctor(System.String,Ucu.Poo.Defense.MaterialType)
FNDA:6,System.Void Ucu.Poo.Defense.Material::.ctor(System.String,Ucu.Poo.Defense.MaterialType)
DA:9,6
DA:10,6
DA:11,6
DA:12,6
DA:13,6
LF:7
LH:7
BRF:0
BRH:0
FNF:3
FNH:3
end_of_record
SF:C:\Users\Martin\OneDrive - Universidad Católica del Uruguay\Escritorio\Programación\Ejercicios\GIT\PII_Defensa\p3\src\Library\MaterialType.cs
FN:4,System.String Ucu.Poo.Defense.MaterialType::get_Name()
FNDA:3,System.String Ucu.Poo.Defense.MaterialType::get_Name()
DA:5,3
FN:6,System.Void Ucu.Poo.Defense.MaterialType::.ctor(System.String)
FNDA:3,System.Void Ucu.Poo.Defense.MaterialType::.ctor(System.String)
DA:7,3
DA:8,3
DA:9,3
DA:10,3
LF:5
LH:5
BRF:0
BRH:0
FNF:2
FNH:2
end_of_record
SF:C:\Users\Martin\OneDrive - Universidad Católica del Uruguay\Escritorio\Programación\Ejercicios\GIT\PII_Defensa\p3\src\Library\Publication.cs
FN:9,System.DateTime Ucu.Poo.Defense.Publication::get_EndDate()
FNDA:3,System.DateTime Ucu.Poo.Defense.Publication::get_EndDate()
DA:10,3
FN:14,System.Int32 Ucu.Poo.Defense.Publication::get_Total()
FNDA:1,System.Int32 Ucu.Poo.Defense.Publication::get_Total()
DA:15,1
DA:16,1
DA:17,7
DA:18,2
DA:19,2
DA:20,2
DA:21,1
DA:22,1
BRDA:17,49,1,2
BRDA:17,49,0,1
FN:27,System.Collections.Generic.IReadOnlyCollection`1<Ucu.Poo.Defense.PublicationItem> Ucu.Poo.Defense.Publication::get_Items()
FNDA:4,System.Collections.Generic.IReadOnlyCollection`1<Ucu.Poo.Defense.PublicationItem> Ucu.Poo.Defense.Publication::get_Items()
DA:28,4
DA:29,4
DA:30,4
FN:40,System.Void Ucu.Poo.Defense.Publication::AddItem(Ucu.Poo.Defense.PublicationItem)
FNDA:4,System.Void Ucu.Poo.Defense.Publication::AddItem(Ucu.Poo.Defense.PublicationItem)
DA:41,4
DA:42,4
DA:43,4
FN:45,System.Void Ucu.Poo.Defense.Publication::RemoveItem(Ucu.Poo.Defense.PublicationItem)
FNDA:1,System.Void Ucu.Poo.Defense.Publication::RemoveItem(Ucu.Poo.Defense.PublicationItem)
DA:46,1
DA:47,1
DA:48,1
FN:32,System.Void Ucu.Poo.Defense.Publication::.ctor(System.DateTime)
FNDA:3,System.Void Ucu.Poo.Defense.Publication::.ctor(System.DateTime)
DA:33,3
DA:35,3
DA:36,3
DA:37,3
DA:38,3
LF:23
LH:23
BRF:2
BRH:2
FNF:6
FNH:6
end_of_record
SF:C:\Users\Martin\OneDrive - Universidad Católica del Uruguay\Escritorio\Programación\Ejercicios\GIT\PII_Defensa\p3\src\Library\PublicationItem.cs
FN:4,Ucu.Poo.Defense.Material Ucu.Poo.Defense.PublicationItem::get_Material()
FNDA:4,Ucu.Poo.Defense.Material Ucu.Poo.Defense.PublicationItem::get_Material()
DA:5,4
FN:6,System.Int32 Ucu.Poo.Defense.PublicationItem::get_Quantity()
FNDA:8,System.Int32 Ucu.Poo.Defense.PublicationItem::get_Quantity()
DA:7,8
FN:8,System.Int32 Ucu.Poo.Defense.PublicationItem::get_Price()
FNDA:8,System.Int32 Ucu.Poo.Defense.PublicationItem::get_Price()
DA:9,8
FN:10,System.Void Ucu.Poo.Defense.PublicationItem::.ctor(Ucu.Poo.Defense.Material,System.Int32,System.Int32)
FNDA:4,System.Void Ucu.Poo.Defense.PublicationItem::.ctor(Ucu.Poo.Defense.Material,System.Int32,System.Int32)
DA:11,4
DA:12,4
DA:13,4
DA:14,4
DA:15,4
DA:16,4
LF:9
LH:9
BRF:0
BRH:0
FNF:4
FNH:4
end_of_record